e:\invitation_of_crimson_moon\invitation_of_crimson_moon\invitation_of_crimson_moon\debug\vc120.pdb
e:\invitation_of_crimson_moon\invitation_of_crimson_moon\invitation_of_crimson_moon\debug\vc120.idb
e:\invitation_of_crimson_moon\invitation_of_crimson_moon\invitation_of_crimson_moon\debug\main_move-test.obj
e:\invitation_of_crimson_moon\invitation_of_crimson_moon\invitation_of_crimson_moon\debug\game.obj
e:\invitation_of_crimson_moon\invitation_of_crimson_moon\invitation_of_crimson_moon\debug\move_hero.obj
e:\invitation_of_crimson_moon\invitation_of_crimson_moon\invitation_of_crimson_moon\debug\sdl_ex.obj
e:\invitation_of_crimson_moon\invitation_of_crimson_moon\debug\invitation_of_crimson_moon.pdb
e:\invitation_of_crimson_moon\invitation_of_crimson_moon\invitation_of_crimson_moon\debug\invitati.1de04884.tlog\cl.command.1.tlog
e:\invitation_of_crimson_moon\invitation_of_crimson_moon\invitation_of_crimson_moon\debug\invitati.1de04884.tlog\cl.read.1.tlog
e:\invitation_of_crimson_moon\invitation_of_crimson_moon\invitation_of_crimson_moon\debug\invitati.1de04884.tlog\cl.write.1.tlog
e:\invitation_of_crimson_moon\invitation_of_crimson_moon\invitation_of_crimson_moon\debug\invitati.1de04884.tlog\link-cvtres.read.1.tlog
e:\invitation_of_crimson_moon\invitation_of_crimson_moon\invitation_of_crimson_moon\debug\invitati.1de04884.tlog\link-cvtres.write.1.tlog
e:\invitation_of_crimson_moon\invitation_of_crimson_moon\invitation_of_crimson_moon\debug\invitati.1de04884.tlog\link-rc.read.1.tlog
e:\invitation_of_crimson_moon\invitation_of_crimson_moon\invitation_of_crimson_moon\debug\invitati.1de04884.tlog\link-rc.write.1.tlog
e:\invitation_of_crimson_moon\invitation_of_crimson_moon\invitation_of_crimson_moon\debug\invitati.1de04884.tlog\link.10412-cvtres.read.1.tlog
e:\invitation_of_crimson_moon\invitation_of_crimson_moon\invitation_of_crimson_moon\debug\invitati.1de04884.tlog\link.10412-cvtres.write.1.tlog
e:\invitation_of_crimson_moon\invitation_of_crimson_moon\invitation_of_crimson_moon\debug\invitati.1de04884.tlog\link.10412-rc.read.1.tlog
e:\invitation_of_crimson_moon\invitation_of_crimson_moon\invitation_of_crimson_moon\debug\invitati.1de04884.tlog\link.10412-rc.write.1.tlog
e:\invitation_of_crimson_moon\invitation_of_crimson_moon\invitation_of_crimson_moon\debug\invitati.1de04884.tlog\link.10412.read.1.tlog
e:\invitation_of_crimson_moon\invitation_of_crimson_moon\invitation_of_crimson_moon\debug\invitati.1de04884.tlog\link.10412.write.1.tlog
e:\invitation_of_crimson_moon\invitation_of_crimson_moon\invitation_of_crimson_moon\debug\invitati.1de04884.tlog\link.command.1.tlog
e:\invitation_of_crimson_moon\invitation_of_crimson_moon\invitation_of_crimson_moon\debug\invitati.1de04884.tlog\link.read.1.tlog
e:\invitation_of_crimson_moon\invitation_of_crimson_moon\invitation_of_crimson_moon\debug\invitati.1de04884.tlog\link.write.1.tlog
