生成启动时间为 2014/11/18 14:28:54。
     1>项目“E:\工作文档\语言项目\gits\yeyin\Invitation_of_Crimson_Moon\Invitation_of_Crimson_Moon\Invitation_of_Crimson_Moon.vcxproj”在节点 2 上(Build 个目标)。
     1>ClCompile:
         D:\Visual Studio 2013\VC\bin\CL.exe /c /ZI /nologo /W3 /WX- /Od /Oy- /D WIN32 /D _DEBUG /D _WINDOWS /D _UNICODE /D UNICODE /Gm /EHsc /RTC1 /MDd /GS /fp:precise /Zc:wchar_t /Zc:forScope /Fo"Debug\\" /Fd"Debug\vc120.pdb" /Gd /TP /analyze- /errorReport:prompt SDL_EX.cpp game.cpp "main_move-test.cpp" move_hero.cpp
         main_move-test.cpp
     1>e:\工作文档\语言项目\gits\yeyin\invitation_of_crimson_moon\invitation_of_crimson_moon\game.h(20): warning C4091: “typedef ”: 没有声明变量时忽略“Game_Pth”的左侧
     1>e:\工作文档\语言项目\gits\yeyin\invitation_of_crimson_moon\invitation_of_crimson_moon\game.h(29): warning C4091: “typedef ”: 没有声明变量时忽略“Game_Field”的左侧
     1>e:\工作文档\语言项目\gits\yeyin\invitation_of_crimson_moon\invitation_of_crimson_moon\game.h(46): warning C4091: “typedef ”: 没有声明变量时忽略“Game_Field”的左侧
         game.cpp
     1>e:\工作文档\语言项目\gits\yeyin\invitation_of_crimson_moon\invitation_of_crimson_moon\game.h(20): warning C4091: “typedef ”: 没有声明变量时忽略“Game_Pth”的左侧
     1>e:\工作文档\语言项目\gits\yeyin\invitation_of_crimson_moon\invitation_of_crimson_moon\game.h(29): warning C4091: “typedef ”: 没有声明变量时忽略“Game_Field”的左侧
     1>e:\工作文档\语言项目\gits\yeyin\invitation_of_crimson_moon\invitation_of_crimson_moon\game.h(46): warning C4091: “typedef ”: 没有声明变量时忽略“Game_Field”的左侧
         SDL_EX.cpp
         正在生成代码...
         正在编译...
         move_hero.cpp
     1>e:\工作文档\语言项目\gits\yeyin\invitation_of_crimson_moon\invitation_of_crimson_moon\game.h(20): warning C4091: “typedef ”: 没有声明变量时忽略“Game_Pth”的左侧
     1>e:\工作文档\语言项目\gits\yeyin\invitation_of_crimson_moon\invitation_of_crimson_moon\game.h(29): warning C4091: “typedef ”: 没有声明变量时忽略“Game_Field”的左侧
     1>e:\工作文档\语言项目\gits\yeyin\invitation_of_crimson_moon\invitation_of_crimson_moon\game.h(46): warning C4091: “typedef ”: 没有声明变量时忽略“Game_Field”的左侧
         正在生成代码...
       Link:
         D:\Visual Studio 2013\VC\bin\link.exe /ERRORREPORT:PROMPT /OUT:"E:\工作文档\语言项目\gits\yeyin\Invitation_of_Crimson_Moon\Debug\Invitation_of_Crimson_Moon.exe" /INCREMENTAL /NOLOGO kernel32.lib user32.lib gdi32.lib winspool.lib comdlg32.lib advapi32.lib shell32.lib ole32.lib oleaut32.lib uuid.lib odbc32.lib odbccp32.lib /MANIFEST /MANIFESTUAC:"level='asInvoker' uiAccess='false'" /manifest:embed /DEBUG /PDB:"E:\工作文档\语言项目\gits\yeyin\Invitation_of_Crimson_Moon\Debug\Invitation_of_Crimson_Moon.pdb" /SUBSYSTEM:WINDOWS /TLBID:1 /DYNAMICBASE /NXCOMPAT /IMPLIB:"E:\工作文档\语言项目\gits\yeyin\Invitation_of_Crimson_Moon\Debug\Invitation_of_Crimson_Moon.lib" /MACHINE:X86 Debug\game.obj
         "Debug\main_move-test.obj"
         Debug\move_hero.obj
         Debug\SDL_EX.obj
         Invitation_of_Crimson_Moon.vcxproj -> E:\工作文档\语言项目\gits\yeyin\Invitation_of_Crimson_Moon\Debug\Invitation_of_Crimson_Moon.exe
     1>已完成生成项目“E:\工作文档\语言项目\gits\yeyin\Invitation_of_Crimson_Moon\Invitation_of_Crimson_Moon\Invitation_of_Crimson_Moon.vcxproj”(Build 个目标)的操作。

生成成功。

已用时间 00:00:04.00
